[debug] [2021-09-21T10:20:07.616Z] ----------------------------------------------------------------------
[debug] [2021-09-21T10:20:07.619Z] Command:       /usr/local/bin/node /usr/local/bin/Firebase deploy
[debug] [2021-09-21T10:20:07.620Z] CLI Version:   9.16.5
[debug] [2021-09-21T10:20:07.620Z] Platform:      darwin
[debug] [2021-09-21T10:20:07.620Z] Node Version:  v14.16.1
[debug] [2021-09-21T10:20:07.621Z] Time:          Tue Sep 21 2021 12:20:07 GMT+0200 (czas środkowoeuropejski letni)
[debug] [2021-09-21T10:20:07.621Z] ----------------------------------------------------------------------
[debug] 
[debug] [2021-09-21T10:20:07.674Z] > command requires scopes: ["email","openid","https://www.googleapis.com/auth/cloudplatformprojects.readonly","https://www.googleapis.com/auth/firebase","https://www.googleapis.com/auth/cloud-platform"]
[debug] [2021-09-21T10:20:07.674Z] > authorizing via signed-in user (filipcies@gmail.com)
[debug] [2021-09-21T10:20:07.674Z] [iam] checking project lech-typer for permissions ["firebase.projects.get","firebasehosting.sites.update"]
[debug] [2021-09-21T10:20:07.676Z] >>> HTTP REQUEST POST https://cloudresourcemanager.googleapis.com/v1/projects/lech-typer:testIamPermissions  
 {"permissions":["firebase.projects.get","firebasehosting.sites.update"]}
[debug] [2021-09-21T10:20:11.564Z] <<< HTTP RESPONSE 200 {"content-type":"application/json; charset=UTF-8","vary":"X-Origin, Referer, Origin,Accept-Encoding","date":"Tue, 21 Sep 2021 10:20:11 GMT","server":"ESF","cache-control":"private","x-xss-protection":"0","x-frame-options":"SAMEORIGIN","x-content-type-options":"nosniff","server-timing":"gfet4t7; dur=684","alt-svc":"h3=\":443\"; ma=2592000,h3-29=\":443\"; ma=2592000,h3-T051=\":443\"; ma=2592000,h3-Q050=\":443\"; ma=2592000,h3-Q046=\":443\"; ma=2592000,h3-Q043=\":443\"; ma=2592000,quic=\":443\"; ma=2592000; v=\"46,43\"","accept-ranges":"none","transfer-encoding":"chunked"}
[debug] [2021-09-21T10:20:11.567Z] > refreshing access token with scopes: []
[debug] [2021-09-21T10:20:11.567Z] >>> HTTP REQUEST POST https://www.googleapis.com/oauth2/v3/token  
 <request body omitted>
[debug] [2021-09-21T10:20:11.766Z] <<< HTTP RESPONSE 200 {"cache-control":"no-cache, no-store, max-age=0, must-revalidate","expires":"Mon, 01 Jan 1990 00:00:00 GMT","date":"Tue, 21 Sep 2021 10:20:11 GMT","pragma":"no-cache","content-type":"application/json; charset=utf-8","vary":"X-Origin, Referer, Origin,Accept-Encoding","server":"scaffolding on HTTPServer2","x-xss-protection":"0","x-frame-options":"SAMEORIGIN","x-content-type-options":"nosniff","alt-svc":"h3=\":443\"; ma=2592000,h3-29=\":443\"; ma=2592000,h3-T051=\":443\"; ma=2592000,h3-Q050=\":443\"; ma=2592000,h3-Q046=\":443\"; ma=2592000,h3-Q043=\":443\"; ma=2592000,quic=\":443\"; ma=2592000; v=\"46,43\"","accept-ranges":"none","transfer-encoding":"chunked"}
[debug] [2021-09-21T10:20:11.827Z] >>> [apiv2][query] GET https://firebase.googleapis.com/v1beta1/projects/lech-typer [none]
[debug] [2021-09-21T10:20:12.276Z] <<< [apiv2][status] GET https://firebase.googleapis.com/v1beta1/projects/lech-typer 200
[debug] [2021-09-21T10:20:12.276Z] <<< [apiv2][body] GET https://firebase.googleapis.com/v1beta1/projects/lech-typer {"projectId":"lech-typer","projectNumber":"1040925698709","displayName":"Lech-Typer","name":"projects/lech-typer","resources":{"hostingSite":"lech-typer","realtimeDatabaseInstance":"lech-typer-default-rtdb"},"state":"ACTIVE"}
[info] 
[info] === Deploying to 'lech-typer'...
[info] 
[info] i  deploying hosting 
[debug] [2021-09-21T10:20:12.281Z] > refreshing access token with scopes: ["email","https://www.googleapis.com/auth/cloud-platform","https://www.googleapis.com/auth/cloudplatformprojects.readonly","https://www.googleapis.com/auth/firebase","openid"]
[debug] [2021-09-21T10:20:12.281Z] >>> HTTP REQUEST POST https://www.googleapis.com/oauth2/v3/token  
 <request body omitted>
[debug] [2021-09-21T10:20:12.393Z] <<< HTTP RESPONSE 200 {"cache-control":"no-cache, no-store, max-age=0, must-revalidate","expires":"Mon, 01 Jan 1990 00:00:00 GMT","date":"Tue, 21 Sep 2021 10:20:12 GMT","pragma":"no-cache","content-type":"application/json; charset=utf-8","vary":"X-Origin, Referer, Origin,Accept-Encoding","server":"scaffolding on HTTPServer2","x-xss-protection":"0","x-frame-options":"SAMEORIGIN","x-content-type-options":"nosniff","alt-svc":"h3=\":443\"; ma=2592000,h3-29=\":443\"; ma=2592000,h3-T051=\":443\"; ma=2592000,h3-Q050=\":443\"; ma=2592000,h3-Q046=\":443\"; ma=2592000,h3-Q043=\":443\"; ma=2592000,quic=\":443\"; ma=2592000; v=\"46,43\"","accept-ranges":"none","transfer-encoding":"chunked"}
[debug] [2021-09-21T10:20:12.451Z] >>> HTTP REQUEST POST https://firebasehosting.googleapis.com/v1beta1/sites/lech-typer/versions  
 {"config":{"rewrites":[{"glob":"**","path":"/index.html"}]},"labels":{"deployment-tool":"cli-firebase"}}
[debug] [2021-09-21T10:20:42.466Z] Error: getaddrinfo ENOTFOUND firebasehosting.googleapis.com
    at GetAddrInfoReqWrap.onlookup [as oncomplete] (dns.js:67:26)
[error] 
[error] Error: Server Error. getaddrinfo ENOTFOUND firebasehosting.googleapis.com
